# JRE version: Java(TM) SE Runtime Environment (8.0_66-b18) (build 1.8.0_66-b18)
# Java VM: Java HotSpot(TM) 64-Bit Server VM (25.66-b18 mixed mode windows-amd64 compressed oops)
Heap:
 PSYoungGen      total 98816K, used 31558K [0x00000000d8300000, 0x00000000e1100000, 0x0000000100000000)
  eden space 77824K, 15% used [0x00000000d8300000,0x00000000d8eb4438,0x00000000dcf00000)
  from space 20992K, 93% used [0x00000000de700000,0x00000000dfa1d4e0,0x00000000dfb80000)
  to   space 24576K, 0% used [0x00000000dcf00000,0x00000000dcf00000,0x00000000de700000)
 ParOldGen       total 61952K, used 26515K [0x0000000088800000, 0x000000008c480000, 0x00000000d8300000)
  object space 61952K, 42% used [0x0000000088800000,0x000000008a1e4d10,0x000000008c480000)
 Metaspace       used 27424K, capacity 29356K, committed 29568K, reserved 1075200K
  class space    used 3606K, capacity 3962K, committed 3968K, reserved 1048576K
GC Heap History (10 events):
Event: 5.924 GC heap before
{Heap before GC invocations=3 (full 0):
 PSYoungGen      total 35840K, used 15726K [0x00000000d8300000, 0x00000000dc900000, 0x0000000100000000)
  eden space 30720K, 34% used [0x00000000d8300000,0x00000000d8d5cfd8,0x00000000da100000)
  from space 5120K, 99% used [0x00000000da600000,0x00000000daafe860,0x00000000dab00000)
  to   space 5120K, 0% used [0x00000000da100000,0x00000000da100000,0x00000000da600000)
 ParOldGen       total 81920K, used 8594K [0x0000000088800000, 0x000000008d800000, 0x00000000d8300000)
  object space 81920K, 10% used [0x0000000088800000,0x0000000089064a28,0x000000008d800000)
 Metaspace       used 20361K, capacity 21162K, committed 21296K, reserved 1067008K
  class space    used 2647K, capacity 2867K, committed 2944K, reserved 1048576K
Event: 5.940 GC heap after
Heap after GC invocations=3 (full 0):
 PSYoungGen      total 35840K, used 4600K [0x00000000d8300000, 0x00000000dc900000, 0x0000000100000000)
  eden space 30720K, 0% used [0x00000000d8300000,0x00000000d8300000,0x00000000da100000)
  from space 5120K, 89% used [0x00000000da100000,0x00000000da57e260,0x00000000da600000)
  to   space 5120K, 0% used [0x00000000dc400000,0x00000000dc400000,0x00000000dc900000)
 ParOldGen       total 81920K, used 8602K [0x0000000088800000, 0x000000008d800000, 0x00000000d8300000)
  object space 81920K, 10% used [0x0000000088800000,0x0000000089066a28,0x000000008d800000)
 Metaspace       used 20361K, capacity 21162K, committed 21296K, reserved 1067008K
  class space    used 2647K, capacity 2867K, committed 2944K, reserved 1048576K
}
Event: 5.940 GC heap before
{Heap before GC invocations=4 (full 1):
 PSYoungGen      total 35840K, used 4600K [0x00000000d8300000, 0x00000000dc900000, 0x0000000100000000)
  eden space 30720K, 0% used [0x00000000d8300000,0x00000000d8300000,0x00000000da100000)
  from space 5120K, 89% used [0x00000000da100000,0x00000000da57e260,0x00000000da600000)
  to   space 5120K, 0% used [0x00000000dc400000,0x00000000dc400000,0x00000000dc900000)
 ParOldGen       total 81920K, used 8602K [0x0000000088800000, 0x000000008d800000, 0x00000000d8300000)
  object space 81920K, 10% used [0x0000000088800000,0x0000000089066a28,0x000000008d800000)
 Metaspace       used 20361K, capacity 21162K, committed 21296K, reserved 1067008K
  class space    used 2647K, capacity 2867K, committed 2944K, reserved 1048576K
Event: 5.996 GC heap after
Heap after GC invocations=4 (full 1):
 PSYoungGen      total 35840K, used 0K [0x00000000d8300000, 0x00000000dc900000, 0x0000000100000000)
  eden space 30720K, 0% used [0x00000000d8300000,0x00000000d8300000,0x00000000da100000)
  from space 5120K, 0% used [0x00000000da100000,0x00000000da100000,0x00000000da600000)
  to   space 5120K, 0% used [0x00000000dc400000,0x00000000dc400000,0x00000000dc900000)
 ParOldGen       total 61952K, used 7918K [0x0000000088800000, 0x000000008c480000, 0x00000000d8300000)
  object space 61952K, 12% used [0x0000000088800000,0x0000000088fbb920,0x000000008c480000)
 Metaspace       used 20361K, capacity 21162K, committed 21296K, reserved 1067008K
  class space    used 2647K, capacity 2867K, committed 2944K, reserved 1048576K
}
Event: 7.698 GC heap before
{Heap before GC invocations=5 (full 1):
 PSYoungGen      total 35840K, used 30720K [0x00000000d8300000, 0x00000000dc900000, 0x0000000100000000)
  eden space 30720K, 100% used [0x00000000d8300000,0x00000000da100000,0x00000000da100000)
  from space 5120K, 0% used [0x00000000da100000,0x00000000da100000,0x00000000da600000)
  to   space 5120K, 0% used [0x00000000dc400000,0x00000000dc400000,0x00000000dc900000)
 ParOldGen       total 61952K, used 7918K [0x0000000088800000, 0x000000008c480000, 0x00000000d8300000)
  object space 61952K, 12% used [0x0000000088800000,0x0000000088fbb920,0x000000008c480000)
 Metaspace       used 23322K, capacity 24642K, committed 24704K, reserved 1071104K
  class space    used 3213K, capacity 3453K, committed 3456K, reserved 1048576K
Event: 7.734 GC heap after
Heap after GC invocations=5 (full 1):
 PSYoungGen      total 54784K, used 5120K [0x00000000d8300000, 0x00000000dc900000, 0x0000000100000000)
  eden space 49664K, 0% used [0x00000000d8300000,0x00000000d8300000,0x00000000db380000)
  from space 5120K, 100% used [0x00000000dc400000,0x00000000dc900000,0x00000000dc900000)
  to   space 5120K, 0% used [0x00000000dbf00000,0x00000000dbf00000,0x00000000dc400000)
 ParOldGen       total 61952K, used 11387K [0x0000000088800000, 0x000000008c480000, 0x00000000d8300000)
  object space 61952K, 18% used [0x0000000088800000,0x000000008931ec10,0x000000008c480000)
 Metaspace       used 23322K, capacity 24642K, committed 24704K, reserved 1071104K
  class space    used 3213K, capacity 3453K, committed 3456K, reserved 1048576K
}
Event: 10.814 GC heap before
{Heap before GC invocations=6 (full 1):
 PSYoungGen      total 54784K, used 54784K [0x00000000d8300000, 0x00000000dc900000, 0x0000000100000000)
  eden space 49664K, 100% used [0x00000000d8300000,0x00000000db380000,0x00000000db380000)
  from space 5120K, 100% used [0x00000000dc400000,0x00000000dc900000,0x00000000dc900000)
  to   space 5120K, 0% used [0x00000000dbf00000,0x00000000dbf00000,0x00000000dc400000)
 ParOldGen       total 61952K, used 11387K [0x0000000088800000, 0x000000008c480000, 0x00000000d8300000)
  object space 61952K, 18% used [0x0000000088800000,0x000000008931ec10,0x000000008c480000)
 Metaspace       used 24825K, capacity 26472K, committed 26752K, reserved 1073152K
  class space    used 3371K, capacity 3666K, committed 3712K, reserved 1048576K
Event: 10.883 GC heap after
Heap after GC invocations=6 (full 1):
 PSYoungGen      total 66560K, used 5120K [0x00000000d8300000, 0x00000000dfb80000, 0x0000000100000000)
  eden space 61440K, 0% used [0x00000000d8300000,0x00000000d8300000,0x00000000dbf00000)
  from space 5120K, 100% used [0x00000000dbf00000,0x00000000dc400000,0x00000000dc400000)
  to   space 20992K, 0% used [0x00000000de700000,0x00000000de700000,0x00000000dfb80000)
 ParOldGen       total 61952K, used 26507K [0x0000000088800000, 0x000000008c480000, 0x00000000d8300000)
  object space 61952K, 42% used [0x0000000088800000,0x000000008a1e2d10,0x000000008c480000)
 Metaspace       used 24825K, capacity 26472K, committed 26752K, reserved 1073152K
  class space    used 3371K, capacity 3666K, committed 3712K, reserved 1048576K
}
Event: 184.647 GC heap before
{Heap before GC invocations=7 (full 1):
 PSYoungGen      total 66560K, used 66560K [0x00000000d8300000, 0x00000000dfb80000, 0x0000000100000000)
  eden space 61440K, 100% used [0x00000000d8300000,0x00000000dbf00000,0x00000000dbf00000)
  from space 5120K, 100% used [0x00000000dbf00000,0x00000000dc400000,0x00000000dc400000)
  to   space 20992K, 0% used [0x00000000de700000,0x00000000de700000,0x00000000dfb80000)
 ParOldGen       total 61952K, used 26507K [0x0000000088800000, 0x000000008c480000, 0x00000000d8300000)
  object space 61952K, 42% used [0x0000000088800000,0x000000008a1e2d10,0x000000008c480000)
 Metaspace       used 27260K, capacity 29196K, committed 29312K, reserved 1075200K
  class space    used 3604K, capacity 3930K, committed 3968K, reserved 1048576K
Event: 184.698 GC heap after
Heap after GC invocations=7 (full 1):
 PSYoungGen      total 98816K, used 19573K [0x00000000d8300000, 0x00000000e1100000, 0x0000000100000000)
  eden space 77824K, 0% used [0x00000000d8300000,0x00000000d8300000,0x00000000dcf00000)
  from space 20992K, 93% used [0x00000000de700000,0x00000000dfa1d4e0,0x00000000dfb80000)
  to   space 24576K, 0% used [0x00000000dcf00000,0x00000000dcf00000,0x00000000de700000)
 ParOldGen       total 61952K, used 26515K [0x0000000088800000, 0x000000008c480000, 0x00000000d8300000)
  object space 61952K, 42% used [0x0000000088800000,0x000000008a1e4d10,0x000000008c480000)
 Metaspace       used 27260K, capacity 29196K, committed 29312K, reserved 1075200K
  class space    used 3604K, capacity 3930K, committed 3968K, reserved 1048576K
}

